android-helper/app/build/intermediates/manifest_merge_blame_file/debug/processDebugMainManifest/manifest-merger-blame-debug-report.txt
1<?xml version="1.0" encoding="utf-8"?>
2<manifest xmlns:android="http://schemas.android.com/apk/res/android"
3    package="com.coba4.stockjournal"
4    android:versionCode="2"
5    android:versionName="1.1" >
6
7    <uses-sdk
7-->INJECTED
8        android:minSdkVersion="26"
8-->INJECTED
9        android:targetSdkVersion="35" />
9-->INJECTED
10
11    <uses-permission android:name="android.permission.INTERNET" />
11-->src/main/AndroidManifest.xml:5:5-67
11-->src/main/AndroidManifest.xml:5:22-64
12    <uses-permission android:name="android.permission.POST_NOTIFICATIONS" />
12-->src/main/AndroidManifest.xml:6:5-77
12-->src/main/AndroidManifest.xml:6:22-74
13    <uses-permission android:name="android.permission.QUERY_ALL_PACKAGES" />
13-->src/main/AndroidManifest.xml:7:5-9:77
13-->src/main/AndroidManifest.xml:8:9-61
14
15    <permission
15-->[androidx.core:core:1.15.0] AndroidManifest.xml:22:5-24:47
16        android:name="com.coba4.stockjournal.DYNAMIC_RECEIVER_NOT_EXPORTED_PERMISSION"
16-->[androidx.core:core:1.15.0] AndroidManifest.xml:23:9-81
17        android:protectionLevel="signature" />
17-->[androidx.core:core:1.15.0] AndroidManifest.xml:24:9-44
18
19    <uses-permission android:name="com.coba4.stockjournal.DYNAMIC_RECEIVER_NOT_EXPORTED_PERMISSION" />
19-->[androidx.core:core:1.15.0] AndroidManifest.xml:26:5-97
19-->[androidx.core:core:1.15.0] AndroidManifest.xml:26:22-94
20
21    <application
21-->src/main/AndroidManifest.xml:11:5-43:19
22        android:allowBackup="true"
22-->src/main/AndroidManifest.xml:12:9-35
23        android:appComponentFactory="androidx.core.app.CoreComponentFactory"
23-->[androidx.core:core:1.15.0] AndroidManifest.xml:28:18-86
24        android:debuggable="true"
25        android:extractNativeLibs="false"
25-->INJECTED
26        android:icon="@mipmap/ic_launcher"
26-->src/main/AndroidManifest.xml:13:9-43
27        android:label="@string/app_name"
27-->src/main/AndroidManifest.xml:14:9-41
28        android:roundIcon="@mipmap/ic_launcher_round"
28-->src/main/AndroidManifest.xml:15:9-54
29        android:supportsRtl="true"
29-->src/main/AndroidManifest.xml:16:9-35
30        android:theme="@style/Theme.NovaHelper"
30-->src/main/AndroidManifest.xml:18:9-48
31        android:usesCleartextTraffic="true" >
31-->src/main/AndroidManifest.xml:17:9-44
32        <activity
32-->src/main/AndroidManifest.xml:20:9-27:20
33            android:name="com.coba4.stockjournal.MainActivity"
33-->src/main/AndroidManifest.xml:21:13-41
34            android:exported="true" >
34-->src/main/AndroidManifest.xml:22:13-36
35            <intent-filter>
35-->src/main/AndroidManifest.xml:23:13-26:29
36                <action android:name="android.intent.action.MAIN" />
36-->src/main/AndroidManifest.xml:24:17-69
36-->src/main/AndroidManifest.xml:24:25-66
37
38                <category android:name="android.intent.category.LAUNCHER" />
38-->src/main/AndroidManifest.xml:25:17-77
38-->src/main/AndroidManifest.xml:25:27-74
39            </intent-filter>
40        </activity>
41        <activity
41-->src/main/AndroidManifest.xml:29:9-32:58
42            android:name="com.coba4.stockjournal.WebAppActivity"
42-->src/main/AndroidManifest.xml:30:13-43
43            android:exported="false"
43-->src/main/AndroidManifest.xml:31:13-37
44            android:windowSoftInputMode="adjustResize" />
44-->src/main/AndroidManifest.xml:32:13-55
45
46        <service
46-->src/main/AndroidManifest.xml:34:9-42:19
47            android:name="com.coba4.stockjournal.service.AccountNotificationListenerService"
47-->src/main/AndroidManifest.xml:35:13-71
48            android:exported="false"
48-->src/main/AndroidManifest.xml:38:13-37
49            android:label="@string/listener_service_name"
49-->src/main/AndroidManifest.xml:36:13-58
50            android:permission="android.permission.BIND_NOTIFICATION_LISTENER_SERVICE" >
50-->src/main/AndroidManifest.xml:37:13-87
51            <intent-filter>
51-->src/main/AndroidManifest.xml:39:13-41:29
52                <action android:name="android.service.notification.NotificationListenerService" />
52-->src/main/AndroidManifest.xml:40:17-99
52-->src/main/AndroidManifest.xml:40:25-96
53            </intent-filter>
54        </service>
55
56        <provider
56-->[androidx.emoji2:emoji2:1.3.0] AndroidManifest.xml:24:9-32:20
57            android:name="androidx.startup.InitializationProvider"
57-->[androidx.emoji2:emoji2:1.3.0] AndroidManifest.xml:25:13-67
58            android:authorities="com.coba4.stockjournal.androidx-startup"
58-->[androidx.emoji2:emoji2:1.3.0] AndroidManifest.xml:26:13-68
59            android:exported="false" >
59-->[androidx.emoji2:emoji2:1.3.0] AndroidManifest.xml:27:13-37
60            <meta-data
60-->[androidx.emoji2:emoji2:1.3.0] AndroidManifest.xml:29:13-31:52
61                android:name="androidx.emoji2.text.EmojiCompatInitializer"
61-->[androidx.emoji2:emoji2:1.3.0] AndroidManifest.xml:30:17-75
62                android:value="androidx.startup" />
62-->[androidx.emoji2:emoji2:1.3.0] AndroidManifest.xml:31:17-49
63            <meta-data
63-->[androidx.lifecycle:lifecycle-process:2.6.2] AndroidManifest.xml:29:13-31:52
64                android:name="androidx.lifecycle.ProcessLifecycleInitializer"
64-->[androidx.lifecycle:lifecycle-process:2.6.2] AndroidManifest.xml:30:17-78
65                android:value="androidx.startup" />
65-->[androidx.lifecycle:lifecycle-process:2.6.2] AndroidManifest.xml:31:17-49
66            <meta-data
66-->[androidx.profileinstaller:profileinstaller:1.4.0] AndroidManifest.xml:29:13-31:52
67                android:name="androidx.profileinstaller.ProfileInstallerInitializer"
67-->[androidx.profileinstaller:profileinstaller:1.4.0] AndroidManifest.xml:30:17-85
68                android:value="androidx.startup" />
68-->[androidx.profileinstaller:profileinstaller:1.4.0] AndroidManifest.xml:31:17-49
69        </provider>
70
71        <receiver
71-->[androidx.profileinstaller:profileinstaller:1.4.0] AndroidManifest.xml:34:9-52:20
72            android:name="androidx.profileinstaller.ProfileInstallReceiver"
72-->[androidx.profileinstaller:profileinstaller:1.4.0] AndroidManifest.xml:35:13-76
73            android:directBootAware="false"
73-->[androidx.profileinstaller:profileinstaller:1.4.0] AndroidManifest.xml:36:13-44
74            android:enabled="true"
74-->[androidx.profileinstaller:profileinstaller:1.4.0] AndroidManifest.xml:37:13-35
75            android:exported="true"
75-->[androidx.profileinstaller:profileinstaller:1.4.0] AndroidManifest.xml:38:13-36
76            android:permission="android.permission.DUMP" >
76-->[androidx.profileinstaller:profileinstaller:1.4.0] AndroidManifest.xml:39:13-57
77            <intent-filter>
77-->[androidx.profileinstaller:profileinstaller:1.4.0] AndroidManifest.xml:40:13-42:29
78                <action android:name="androidx.profileinstaller.action.INSTALL_PROFILE" />
78-->[androidx.profileinstaller:profileinstaller:1.4.0] AndroidManifest.xml:41:17-91
78-->[androidx.profileinstaller:profileinstaller:1.4.0] AndroidManifest.xml:41:25-88
79            </intent-filter>
80            <intent-filter>
80-->[androidx.profileinstaller:profileinstaller:1.4.0] AndroidManifest.xml:43:13-45:29
81                <action android:name="androidx.profileinstaller.action.SKIP_FILE" />
81-->[androidx.profileinstaller:profileinstaller:1.4.0] AndroidManifest.xml:44:17-85
81-->[androidx.profileinstaller:profileinstaller:1.4.0] AndroidManifest.xml:44:25-82
82            </intent-filter>
83            <intent-filter>
83-->[androidx.profileinstaller:profileinstaller:1.4.0] AndroidManifest.xml:46:13-48:29
84                <action android:name="androidx.profileinstaller.action.SAVE_PROFILE" />
84-->[androidx.profileinstaller:profileinstaller:1.4.0] AndroidManifest.xml:47:17-88
84-->[androidx.profileinstaller:profileinstaller:1.4.0] AndroidManifest.xml:47:25-85
85            </intent-filter>
86            <intent-filter>
86-->[androidx.profileinstaller:profileinstaller:1.4.0] AndroidManifest.xml:49:13-51:29
87                <action android:name="androidx.profileinstaller.action.BENCHMARK_OPERATION" />
87-->[androidx.profileinstaller:profileinstaller:1.4.0] AndroidManifest.xml:50:17-95
87-->[androidx.profileinstaller:profileinstaller:1.4.0] AndroidManifest.xml:50:25-92
88            </intent-filter>
89        </receiver>
90    </application>
91
92</manifest>